31-Jul-2021 13:11:20.051 정보 [main] org.apache.catalina.startup.VersionLoggerListener.log 서버 버전 이름:    Apache Tomcat/8.5.69
31-Jul-2021 13:11:20.074 정보 [main] org.apache.catalina.startup.VersionLoggerListener.log Server 빌드 시각:  Jun 30 2021 18:00:00 UTC
31-Jul-2021 13:11:20.074 정보 [main] org.apache.catalina.startup.VersionLoggerListener.log Server 버전 번호:  8.5.69.0
31-Jul-2021 13:11:20.074 정보 [main] org.apache.catalina.startup.VersionLoggerListener.log 운영체제 이름:     Windows 10
31-Jul-2021 13:11:20.075 정보 [main] org.apache.catalina.startup.VersionLoggerListener.log 운영체제 버전:     10.0
31-Jul-2021 13:11:20.075 정보 [main] org.apache.catalina.startup.VersionLoggerListener.log 아키텍처:          amd64
31-Jul-2021 13:11:20.075 정보 [main] org.apache.catalina.startup.VersionLoggerListener.log 자바 홈:           C:\Program Files\Java\jdk1.8.0_291\jre
31-Jul-2021 13:11:20.075 정보 [main] org.apache.catalina.startup.VersionLoggerListener.log JVM 버전:          1.8.0_291-b10
31-Jul-2021 13:11:20.076 정보 [main] org.apache.catalina.startup.VersionLoggerListener.log JVM 벤더:          Oracle Corporation
31-Jul-2021 13:11:20.076 정보 [main] org.apache.catalina.startup.VersionLoggerListener.log CATALINA_BASE:     D:\JSP\apache-tomcat-8.5.69
31-Jul-2021 13:11:20.076 정보 [main] org.apache.catalina.startup.VersionLoggerListener.log CATALINA_HOME:     D:\JSP\apache-tomcat-8.5.69
31-Jul-2021 13:11:20.078 정보 [main] org.apache.catalina.startup.VersionLoggerListener.log 명령 행 아규먼트:  -Djava.util.logging.config.file=D:\JSP\apache-tomcat-8.5.69\conf\logging.properties
31-Jul-2021 13:11:20.079 정보 [main] org.apache.catalina.startup.VersionLoggerListener.log 명령 행 아규먼트:  -Djava.util.logging.manager=org.apache.juli.ClassLoaderLogManager
31-Jul-2021 13:11:20.080 정보 [main] org.apache.catalina.startup.VersionLoggerListener.log 명령 행 아규먼트:  -Djdk.tls.ephemeralDHKeySize=2048
31-Jul-2021 13:11:20.081 정보 [main] org.apache.catalina.startup.VersionLoggerListener.log 명령 행 아규먼트:  -Djava.protocol.handler.pkgs=org.apache.catalina.webresources
31-Jul-2021 13:11:20.082 정보 [main] org.apache.catalina.startup.VersionLoggerListener.log 명령 행 아규먼트:  -Dignore.endorsed.dirs=
31-Jul-2021 13:11:20.084 정보 [main] org.apache.catalina.startup.VersionLoggerListener.log 명령 행 아규먼트:  -Dcatalina.base=D:\JSP\apache-tomcat-8.5.69
31-Jul-2021 13:11:20.085 정보 [main] org.apache.catalina.startup.VersionLoggerListener.log 명령 행 아규먼트:  -Dcatalina.home=D:\JSP\apache-tomcat-8.5.69
31-Jul-2021 13:11:20.086 정보 [main] org.apache.catalina.startup.VersionLoggerListener.log 명령 행 아규먼트:  -Djava.io.tmpdir=D:\JSP\apache-tomcat-8.5.69\temp
31-Jul-2021 13:11:20.088 정보 [main] org.apache.catalina.core.AprLifecycleListener.lifecycleEvent APR 버전 [1.7.0]을(를) 사용한, APR 기반 Apache Tomcat Native 라이브러리 [1.2.30]을(를) 로드했습니다.
31-Jul-2021 13:11:20.089 정보 [main] org.apache.catalina.core.AprLifecycleListener.lifecycleEvent APR 용량정보들: IPv6 [true], sendfile [true], accept filters [false], random [true].
31-Jul-2021 13:11:20.103 정보 [main] org.apache.catalina.core.AprLifecycleListener.lifecycleEvent APR/OpenSSL 설정: useAprConnector [false], useOpenSSL [true]
31-Jul-2021 13:11:20.113 정보 [main] org.apache.catalina.core.AprLifecycleListener.initializeSSL OpenSSL이 성공적으로 초기화되었습니다: [OpenSSL 1.1.1k  25 Mar 2021]
31-Jul-2021 13:11:20.378 정보 [main] org.apache.coyote.AbstractProtocol.init 프로토콜 핸들러 ["http-nio-8080"]을(를) 초기화합니다.
31-Jul-2021 13:11:20.414 심각 [main] org.apache.catalina.core.StandardService.initInternal Failed to initialize connector [Connector[HTTP/1.1-8080]]
	org.apache.catalina.LifecycleException: 프로토콜 핸들러 초기화가 실패했습니다.
		at org.apache.catalina.connector.Connector.initInternal(Connector.java:1077)
		at org.apache.catalina.util.LifecycleBase.init(LifecycleBase.java:136)
		at org.apache.catalina.core.StandardService.initInternal(StandardService.java:557)
		at org.apache.catalina.util.LifecycleBase.init(LifecycleBase.java:136)
		at org.apache.catalina.core.StandardServer.initInternal(StandardServer.java:850)
		at org.apache.catalina.util.LifecycleBase.init(LifecycleBase.java:136)
		at org.apache.catalina.startup.Catalina.load(Catalina.java:639)
		at org.apache.catalina.startup.Catalina.load(Catalina.java:662)
		at sun.reflect.NativeMethodAccessorImpl.invoke0(Native Method)
		at sun.reflect.NativeMethodAccessorImpl.invoke(NativeMethodAccessorImpl.java:62)
		at sun.reflect.DelegatingMethodAccessorImpl.invoke(DelegatingMethodAccessorImpl.java:43)
		at java.lang.reflect.Method.invoke(Method.java:498)
		at org.apache.catalina.startup.Bootstrap.load(Bootstrap.java:305)
		at org.apache.catalina.startup.Bootstrap.main(Bootstrap.java:475)
	Caused by: java.net.BindException: Address already in use: bind
		at sun.nio.ch.Net.bind0(Native Method)
		at sun.nio.ch.Net.bind(Net.java:438)
		at sun.nio.ch.Net.bind(Net.java:430)
		at sun.nio.ch.ServerSocketChannelImpl.bind(ServerSocketChannelImpl.java:225)
		at sun.nio.ch.ServerSocketAdaptor.bind(ServerSocketAdaptor.java:74)
		at org.apache.tomcat.util.net.NioEndpoint.bind(NioEndpoint.java:222)
		at org.apache.tomcat.util.net.AbstractEndpoint.init(AbstractEndpoint.java:1147)
		at org.apache.tomcat.util.net.AbstractJsseEndpoint.init(AbstractJsseEndpoint.java:222)
		at org.apache.coyote.AbstractProtocol.init(AbstractProtocol.java:599)
		at org.apache.coyote.http11.AbstractHttp11Protocol.init(AbstractHttp11Protocol.java:80)
		at org.apache.catalina.connector.Connector.initInternal(Connector.java:1074)
		... 13 more
31-Jul-2021 13:11:20.420 정보 [main] org.apache.catalina.startup.Catalina.load Initialization processed in 934 ms
31-Jul-2021 13:11:20.539 정보 [main] org.apache.catalina.core.StandardService.startInternal 서비스 [Catalina]을(를) 시작합니다.
31-Jul-2021 13:11:20.542 정보 [main] org.apache.catalina.core.StandardEngine.startInternal 서버 엔진을 시작합니다: [Apache Tomcat/8.5.69]
31-Jul-2021 13:11:20.554 정보 [localhost-startStop-1] org.apache.catalina.startup.HostConfig.deployDirectory 웹 애플리케이션 디렉토리 [D:\JSP\apache-tomcat-8.5.69\webapps\docs]을(를) 배치합니다.
31-Jul-2021 13:11:23.727 경고 [localhost-startStop-1] org.apache.catalina.util.SessionIdGeneratorBase.createSecureRandom [SHA1PRNG] 알고리즘을 사용하여, 세션 ID를 생성하기 위한 SecureRandom 객체를 생성하는데, [2,874] 밀리초가 소요됐습니다.
31-Jul-2021 13:11:23.774 정보 [localhost-startStop-1] org.apache.catalina.startup.HostConfig.deployDirectory 웹 애플리케이션 디렉토리 [D:\JSP\apache-tomcat-8.5.69\webapps\docs]에 대한 배치가 [3,220] 밀리초에 완료되었습니다.
31-Jul-2021 13:11:23.778 정보 [localhost-startStop-1] org.apache.catalina.startup.HostConfig.deployDirectory 웹 애플리케이션 디렉토리 [D:\JSP\apache-tomcat-8.5.69\webapps\examples]을(를) 배치합니다.
31-Jul-2021 13:11:24.543 정보 [localhost-startStop-1] org.apache.catalina.startup.HostConfig.deployDirectory 웹 애플리케이션 디렉토리 [D:\JSP\apache-tomcat-8.5.69\webapps\examples]에 대한 배치가 [765] 밀리초에 완료되었습니다.
31-Jul-2021 13:11:24.548 정보 [localhost-startStop-1] org.apache.catalina.startup.HostConfig.deployDirectory 웹 애플리케이션 디렉토리 [D:\JSP\apache-tomcat-8.5.69\webapps\host-manager]을(를) 배치합니다.
31-Jul-2021 13:11:24.586 정보 [localhost-startStop-1] org.apache.catalina.startup.HostConfig.deployDirectory 웹 애플리케이션 디렉토리 [D:\JSP\apache-tomcat-8.5.69\webapps\host-manager]에 대한 배치가 [38] 밀리초에 완료되었습니다.
31-Jul-2021 13:11:24.589 정보 [localhost-startStop-1] org.apache.catalina.startup.HostConfig.deployDirectory 웹 애플리케이션 디렉토리 [D:\JSP\apache-tomcat-8.5.69\webapps\manager]을(를) 배치합니다.
31-Jul-2021 13:11:24.641 정보 [localhost-startStop-1] org.apache.catalina.startup.HostConfig.deployDirectory 웹 애플리케이션 디렉토리 [D:\JSP\apache-tomcat-8.5.69\webapps\manager]에 대한 배치가 [52] 밀리초에 완료되었습니다.
31-Jul-2021 13:11:24.648 정보 [localhost-startStop-1] org.apache.catalina.startup.HostConfig.deployDirectory 웹 애플리케이션 디렉토리 [D:\JSP\apache-tomcat-8.5.69\webapps\ROOT]을(를) 배치합니다.
31-Jul-2021 13:11:24.688 정보 [localhost-startStop-1] org.apache.catalina.startup.HostConfig.deployDirectory 웹 애플리케이션 디렉토리 [D:\JSP\apache-tomcat-8.5.69\webapps\ROOT]에 대한 배치가 [39] 밀리초에 완료되었습니다.
31-Jul-2021 13:11:24.697 정보 [main] org.apache.catalina.startup.Catalina.start Server startup in 4276 ms
31-Jul-2021 13:15:08.605 정보 [main] org.apache.catalina.startup.VersionLoggerListener.log 서버 버전 이름:    Apache Tomcat/8.5.69
31-Jul-2021 13:15:08.612 정보 [main] org.apache.catalina.startup.VersionLoggerListener.log Server 빌드 시각:  Jun 30 2021 18:00:00 UTC
31-Jul-2021 13:15:08.612 정보 [main] org.apache.catalina.startup.VersionLoggerListener.log Server 버전 번호:  8.5.69.0
31-Jul-2021 13:15:08.612 정보 [main] org.apache.catalina.startup.VersionLoggerListener.log 운영체제 이름:     Windows 10
31-Jul-2021 13:15:08.613 정보 [main] org.apache.catalina.startup.VersionLoggerListener.log 운영체제 버전:     10.0
31-Jul-2021 13:15:08.613 정보 [main] org.apache.catalina.startup.VersionLoggerListener.log 아키텍처:          amd64
31-Jul-2021 13:15:08.614 정보 [main] org.apache.catalina.startup.VersionLoggerListener.log 자바 홈:           C:\Program Files\Java\jdk1.8.0_291\jre
31-Jul-2021 13:15:08.614 정보 [main] org.apache.catalina.startup.VersionLoggerListener.log JVM 버전:          1.8.0_291-b10
31-Jul-2021 13:15:08.614 정보 [main] org.apache.catalina.startup.VersionLoggerListener.log JVM 벤더:          Oracle Corporation
31-Jul-2021 13:15:08.615 정보 [main] org.apache.catalina.startup.VersionLoggerListener.log CATALINA_BASE:     D:\JSP\apache-tomcat-8.5.69
31-Jul-2021 13:15:08.616 정보 [main] org.apache.catalina.startup.VersionLoggerListener.log CATALINA_HOME:     D:\JSP\apache-tomcat-8.5.69
31-Jul-2021 13:15:08.617 정보 [main] org.apache.catalina.startup.VersionLoggerListener.log 명령 행 아규먼트:  -Djava.util.logging.config.file=D:\JSP\apache-tomcat-8.5.69\conf\logging.properties
31-Jul-2021 13:15:08.619 정보 [main] org.apache.catalina.startup.VersionLoggerListener.log 명령 행 아규먼트:  -Djava.util.logging.manager=org.apache.juli.ClassLoaderLogManager
31-Jul-2021 13:15:08.620 정보 [main] org.apache.catalina.startup.VersionLoggerListener.log 명령 행 아규먼트:  -Djdk.tls.ephemeralDHKeySize=2048
31-Jul-2021 13:15:08.622 정보 [main] org.apache.catalina.startup.VersionLoggerListener.log 명령 행 아규먼트:  -Djava.protocol.handler.pkgs=org.apache.catalina.webresources
31-Jul-2021 13:15:08.623 정보 [main] org.apache.catalina.startup.VersionLoggerListener.log 명령 행 아규먼트:  -Dignore.endorsed.dirs=
31-Jul-2021 13:15:08.625 정보 [main] org.apache.catalina.startup.VersionLoggerListener.log 명령 행 아규먼트:  -Dcatalina.base=D:\JSP\apache-tomcat-8.5.69
31-Jul-2021 13:15:08.627 정보 [main] org.apache.catalina.startup.VersionLoggerListener.log 명령 행 아규먼트:  -Dcatalina.home=D:\JSP\apache-tomcat-8.5.69
31-Jul-2021 13:15:08.628 정보 [main] org.apache.catalina.startup.VersionLoggerListener.log 명령 행 아규먼트:  -Djava.io.tmpdir=D:\JSP\apache-tomcat-8.5.69\temp
31-Jul-2021 13:15:08.630 정보 [main] org.apache.catalina.core.AprLifecycleListener.lifecycleEvent APR 버전 [1.7.0]을(를) 사용한, APR 기반 Apache Tomcat Native 라이브러리 [1.2.30]을(를) 로드했습니다.
31-Jul-2021 13:15:08.634 정보 [main] org.apache.catalina.core.AprLifecycleListener.lifecycleEvent APR 용량정보들: IPv6 [true], sendfile [true], accept filters [false], random [true].
31-Jul-2021 13:15:08.635 정보 [main] org.apache.catalina.core.AprLifecycleListener.lifecycleEvent APR/OpenSSL 설정: useAprConnector [false], useOpenSSL [true]
31-Jul-2021 13:15:08.646 정보 [main] org.apache.catalina.core.AprLifecycleListener.initializeSSL OpenSSL이 성공적으로 초기화되었습니다: [OpenSSL 1.1.1k  25 Mar 2021]
31-Jul-2021 13:15:08.822 정보 [main] org.apache.coyote.AbstractProtocol.init 프로토콜 핸들러 ["http-nio-8000"]을(를) 초기화합니다.
31-Jul-2021 13:15:11.351 정보 [main] org.apache.tomcat.util.net.NioSelectorPool.getSharedSelector Using a shared selector for servlet write/read
31-Jul-2021 13:15:11.412 정보 [main] org.apache.catalina.startup.Catalina.load Initialization processed in 3270 ms
31-Jul-2021 13:15:11.530 정보 [main] org.apache.catalina.core.StandardService.startInternal 서비스 [Catalina]을(를) 시작합니다.
31-Jul-2021 13:15:11.533 정보 [main] org.apache.catalina.core.StandardEngine.startInternal 서버 엔진을 시작합니다: [Apache Tomcat/8.5.69]
31-Jul-2021 13:15:11.544 정보 [localhost-startStop-1] org.apache.catalina.startup.HostConfig.deployDirectory 웹 애플리케이션 디렉토리 [D:\JSP\apache-tomcat-8.5.69\webapps\docs]을(를) 배치합니다.
31-Jul-2021 13:15:11.872 정보 [localhost-startStop-1] org.apache.catalina.startup.HostConfig.deployDirectory 웹 애플리케이션 디렉토리 [D:\JSP\apache-tomcat-8.5.69\webapps\docs]에 대한 배치가 [327] 밀리초에 완료되었습니다.
31-Jul-2021 13:15:11.877 정보 [localhost-startStop-1] org.apache.catalina.startup.HostConfig.deployDirectory 웹 애플리케이션 디렉토리 [D:\JSP\apache-tomcat-8.5.69\webapps\examples]을(를) 배치합니다.
31-Jul-2021 13:15:12.352 정보 [localhost-startStop-1] org.apache.catalina.startup.HostConfig.deployDirectory 웹 애플리케이션 디렉토리 [D:\JSP\apache-tomcat-8.5.69\webapps\examples]에 대한 배치가 [475] 밀리초에 완료되었습니다.
31-Jul-2021 13:15:12.357 정보 [localhost-startStop-1] org.apache.catalina.startup.HostConfig.deployDirectory 웹 애플리케이션 디렉토리 [D:\JSP\apache-tomcat-8.5.69\webapps\host-manager]을(를) 배치합니다.
31-Jul-2021 13:15:12.399 정보 [localhost-startStop-1] org.apache.catalina.startup.HostConfig.deployDirectory 웹 애플리케이션 디렉토리 [D:\JSP\apache-tomcat-8.5.69\webapps\host-manager]에 대한 배치가 [42] 밀리초에 완료되었습니다.
31-Jul-2021 13:15:12.403 정보 [localhost-startStop-1] org.apache.catalina.startup.HostConfig.deployDirectory 웹 애플리케이션 디렉토리 [D:\JSP\apache-tomcat-8.5.69\webapps\manager]을(를) 배치합니다.
31-Jul-2021 13:15:12.454 정보 [localhost-startStop-1] org.apache.catalina.startup.HostConfig.deployDirectory 웹 애플리케이션 디렉토리 [D:\JSP\apache-tomcat-8.5.69\webapps\manager]에 대한 배치가 [51] 밀리초에 완료되었습니다.
31-Jul-2021 13:15:12.460 정보 [localhost-startStop-1] org.apache.catalina.startup.HostConfig.deployDirectory 웹 애플리케이션 디렉토리 [D:\JSP\apache-tomcat-8.5.69\webapps\ROOT]을(를) 배치합니다.
31-Jul-2021 13:15:12.492 정보 [localhost-startStop-1] org.apache.catalina.startup.HostConfig.deployDirectory 웹 애플리케이션 디렉토리 [D:\JSP\apache-tomcat-8.5.69\webapps\ROOT]에 대한 배치가 [32] 밀리초에 완료되었습니다.
31-Jul-2021 13:15:12.500 정보 [main] org.apache.coyote.AbstractProtocol.start 프로토콜 핸들러 ["http-nio-8000"]을(를) 시작합니다.
31-Jul-2021 13:15:12.515 정보 [main] org.apache.catalina.startup.Catalina.start Server startup in 1092 ms
31-Jul-2021 13:36:20.981 정보 [main] org.apache.catalina.startup.VersionLoggerListener.log 서버 버전 이름:    Apache Tomcat/8.5.69
31-Jul-2021 13:36:20.988 정보 [main] org.apache.catalina.startup.VersionLoggerListener.log Server 빌드 시각:  Jun 30 2021 18:00:00 UTC
31-Jul-2021 13:36:20.990 정보 [main] org.apache.catalina.startup.VersionLoggerListener.log Server 버전 번호:  8.5.69.0
31-Jul-2021 13:36:20.991 정보 [main] org.apache.catalina.startup.VersionLoggerListener.log 운영체제 이름:     Windows 10
31-Jul-2021 13:36:20.992 정보 [main] org.apache.catalina.startup.VersionLoggerListener.log 운영체제 버전:     10.0
31-Jul-2021 13:36:20.992 정보 [main] org.apache.catalina.startup.VersionLoggerListener.log 아키텍처:          amd64
31-Jul-2021 13:36:20.993 정보 [main] org.apache.catalina.startup.VersionLoggerListener.log 자바 홈:           C:\Program Files\Java\jdk1.8.0_291\jre
31-Jul-2021 13:36:20.993 정보 [main] org.apache.catalina.startup.VersionLoggerListener.log JVM 버전:          1.8.0_291-b10
31-Jul-2021 13:36:20.994 정보 [main] org.apache.catalina.startup.VersionLoggerListener.log JVM 벤더:          Oracle Corporation
31-Jul-2021 13:36:20.994 정보 [main] org.apache.catalina.startup.VersionLoggerListener.log CATALINA_BASE:     D:\git\JSP_Study_dongbina\apache-tomcat-8.5.69
31-Jul-2021 13:36:20.994 정보 [main] org.apache.catalina.startup.VersionLoggerListener.log CATALINA_HOME:     D:\git\JSP_Study_dongbina\apache-tomcat-8.5.69
31-Jul-2021 13:36:20.996 정보 [main] org.apache.catalina.startup.VersionLoggerListener.log 명령 행 아규먼트:  -Djava.util.logging.config.file=D:\git\JSP_Study_dongbina\apache-tomcat-8.5.69\conf\logging.properties
31-Jul-2021 13:36:20.997 정보 [main] org.apache.catalina.startup.VersionLoggerListener.log 명령 행 아규먼트:  -Djava.util.logging.manager=org.apache.juli.ClassLoaderLogManager
31-Jul-2021 13:36:20.998 정보 [main] org.apache.catalina.startup.VersionLoggerListener.log 명령 행 아규먼트:  -Djdk.tls.ephemeralDHKeySize=2048
31-Jul-2021 13:36:21.000 정보 [main] org.apache.catalina.startup.VersionLoggerListener.log 명령 행 아규먼트:  -Djava.protocol.handler.pkgs=org.apache.catalina.webresources
31-Jul-2021 13:36:21.004 정보 [main] org.apache.catalina.startup.VersionLoggerListener.log 명령 행 아규먼트:  -Dignore.endorsed.dirs=
31-Jul-2021 13:36:21.006 정보 [main] org.apache.catalina.startup.VersionLoggerListener.log 명령 행 아규먼트:  -Dcatalina.base=D:\git\JSP_Study_dongbina\apache-tomcat-8.5.69
31-Jul-2021 13:36:21.008 정보 [main] org.apache.catalina.startup.VersionLoggerListener.log 명령 행 아규먼트:  -Dcatalina.home=D:\git\JSP_Study_dongbina\apache-tomcat-8.5.69
31-Jul-2021 13:36:21.009 정보 [main] org.apache.catalina.startup.VersionLoggerListener.log 명령 행 아규먼트:  -Djava.io.tmpdir=D:\git\JSP_Study_dongbina\apache-tomcat-8.5.69\temp
31-Jul-2021 13:36:21.011 정보 [main] org.apache.catalina.core.AprLifecycleListener.lifecycleEvent APR 버전 [1.7.0]을(를) 사용한, APR 기반 Apache Tomcat Native 라이브러리 [1.2.30]을(를) 로드했습니다.
31-Jul-2021 13:36:21.013 정보 [main] org.apache.catalina.core.AprLifecycleListener.lifecycleEvent APR 용량정보들: IPv6 [true], sendfile [true], accept filters [false], random [true].
31-Jul-2021 13:36:21.014 정보 [main] org.apache.catalina.core.AprLifecycleListener.lifecycleEvent APR/OpenSSL 설정: useAprConnector [false], useOpenSSL [true]
31-Jul-2021 13:36:21.039 정보 [main] org.apache.catalina.core.AprLifecycleListener.initializeSSL OpenSSL이 성공적으로 초기화되었습니다: [OpenSSL 1.1.1k  25 Mar 2021]
31-Jul-2021 13:36:21.215 정보 [main] org.apache.coyote.AbstractProtocol.init 프로토콜 핸들러 ["http-nio-8000"]을(를) 초기화합니다.
31-Jul-2021 13:36:23.528 정보 [main] org.apache.tomcat.util.net.NioSelectorPool.getSharedSelector Using a shared selector for servlet write/read
31-Jul-2021 13:36:23.547 정보 [main] org.apache.catalina.startup.Catalina.load Initialization processed in 3097 ms
31-Jul-2021 13:36:23.640 정보 [main] org.apache.catalina.core.StandardService.startInternal 서비스 [Catalina]을(를) 시작합니다.
31-Jul-2021 13:36:23.643 정보 [main] org.apache.catalina.core.StandardEngine.startInternal 서버 엔진을 시작합니다: [Apache Tomcat/8.5.69]
31-Jul-2021 13:36:23.654 정보 [localhost-startStop-1] org.apache.catalina.startup.HostConfig.deployDirectory 웹 애플리케이션 디렉토리 [D:\git\JSP_Study_dongbina\apache-tomcat-8.5.69\webapps\docs]을(를) 배치합니다.
31-Jul-2021 13:36:23.980 정보 [localhost-startStop-1] org.apache.catalina.startup.HostConfig.deployDirectory 웹 애플리케이션 디렉토리 [D:\git\JSP_Study_dongbina\apache-tomcat-8.5.69\webapps\docs]에 대한 배치가 [326] 밀리초에 완료되었습니다.
31-Jul-2021 13:36:23.983 정보 [localhost-startStop-1] org.apache.catalina.startup.HostConfig.deployDirectory 웹 애플리케이션 디렉토리 [D:\git\JSP_Study_dongbina\apache-tomcat-8.5.69\webapps\examples]을(를) 배치합니다.
31-Jul-2021 13:36:24.427 정보 [localhost-startStop-1] org.apache.catalina.startup.HostConfig.deployDirectory 웹 애플리케이션 디렉토리 [D:\git\JSP_Study_dongbina\apache-tomcat-8.5.69\webapps\examples]에 대한 배치가 [443] 밀리초에 완료되었습니다.
31-Jul-2021 13:36:24.429 정보 [localhost-startStop-1] org.apache.catalina.startup.HostConfig.deployDirectory 웹 애플리케이션 디렉토리 [D:\git\JSP_Study_dongbina\apache-tomcat-8.5.69\webapps\host-manager]을(를) 배치합니다.
31-Jul-2021 13:36:24.463 정보 [localhost-startStop-1] org.apache.catalina.startup.HostConfig.deployDirectory 웹 애플리케이션 디렉토리 [D:\git\JSP_Study_dongbina\apache-tomcat-8.5.69\webapps\host-manager]에 대한 배치가 [34] 밀리초에 완료되었습니다.
31-Jul-2021 13:36:24.465 정보 [localhost-startStop-1] org.apache.catalina.startup.HostConfig.deployDirectory 웹 애플리케이션 디렉토리 [D:\git\JSP_Study_dongbina\apache-tomcat-8.5.69\webapps\manager]을(를) 배치합니다.
31-Jul-2021 13:36:24.514 정보 [localhost-startStop-1] org.apache.catalina.startup.HostConfig.deployDirectory 웹 애플리케이션 디렉토리 [D:\git\JSP_Study_dongbina\apache-tomcat-8.5.69\webapps\manager]에 대한 배치가 [49] 밀리초에 완료되었습니다.
31-Jul-2021 13:36:24.518 정보 [localhost-startStop-1] org.apache.catalina.startup.HostConfig.deployDirectory 웹 애플리케이션 디렉토리 [D:\git\JSP_Study_dongbina\apache-tomcat-8.5.69\webapps\ROOT]을(를) 배치합니다.
31-Jul-2021 13:36:24.563 정보 [localhost-startStop-1] org.apache.catalina.startup.HostConfig.deployDirectory 웹 애플리케이션 디렉토리 [D:\git\JSP_Study_dongbina\apache-tomcat-8.5.69\webapps\ROOT]에 대한 배치가 [44] 밀리초에 완료되었습니다.
31-Jul-2021 13:36:24.569 정보 [main] org.apache.coyote.AbstractProtocol.start 프로토콜 핸들러 ["http-nio-8000"]을(를) 시작합니다.
31-Jul-2021 13:36:24.582 정보 [main] org.apache.catalina.startup.Catalina.start Server startup in 1033 ms
31-Jul-2021 13:37:01.680 정보 [main] org.apache.catalina.startup.VersionLoggerListener.log 서버 버전 이름:    Apache Tomcat/8.5.69
31-Jul-2021 13:37:01.686 정보 [main] org.apache.catalina.startup.VersionLoggerListener.log Server 빌드 시각:  Jun 30 2021 18:00:00 UTC
31-Jul-2021 13:37:01.686 정보 [main] org.apache.catalina.startup.VersionLoggerListener.log Server 버전 번호:  8.5.69.0
31-Jul-2021 13:37:01.687 정보 [main] org.apache.catalina.startup.VersionLoggerListener.log 운영체제 이름:     Windows 10
31-Jul-2021 13:37:01.687 정보 [main] org.apache.catalina.startup.VersionLoggerListener.log 운영체제 버전:     10.0
31-Jul-2021 13:37:01.687 정보 [main] org.apache.catalina.startup.VersionLoggerListener.log 아키텍처:          amd64
31-Jul-2021 13:37:01.688 정보 [main] org.apache.catalina.startup.VersionLoggerListener.log 자바 홈:           C:\Program Files\Java\jdk1.8.0_291\jre
31-Jul-2021 13:37:01.688 정보 [main] org.apache.catalina.startup.VersionLoggerListener.log JVM 버전:          1.8.0_291-b10
31-Jul-2021 13:37:01.688 정보 [main] org.apache.catalina.startup.VersionLoggerListener.log JVM 벤더:          Oracle Corporation
31-Jul-2021 13:37:01.688 정보 [main] org.apache.catalina.startup.VersionLoggerListener.log CATALINA_BASE:     D:\git\JSP_Study_dongbina\apache-tomcat-8.5.69
31-Jul-2021 13:37:01.689 정보 [main] org.apache.catalina.startup.VersionLoggerListener.log CATALINA_HOME:     D:\git\JSP_Study_dongbina\apache-tomcat-8.5.69
31-Jul-2021 13:37:01.690 정보 [main] org.apache.catalina.startup.VersionLoggerListener.log 명령 행 아규먼트:  -Djava.util.logging.config.file=D:\git\JSP_Study_dongbina\apache-tomcat-8.5.69\conf\logging.properties
31-Jul-2021 13:37:01.691 정보 [main] org.apache.catalina.startup.VersionLoggerListener.log 명령 행 아규먼트:  -Djava.util.logging.manager=org.apache.juli.ClassLoaderLogManager
31-Jul-2021 13:37:01.692 정보 [main] org.apache.catalina.startup.VersionLoggerListener.log 명령 행 아규먼트:  -Djdk.tls.ephemeralDHKeySize=2048
31-Jul-2021 13:37:01.693 정보 [main] org.apache.catalina.startup.VersionLoggerListener.log 명령 행 아규먼트:  -Djava.protocol.handler.pkgs=org.apache.catalina.webresources
31-Jul-2021 13:37:01.695 정보 [main] org.apache.catalina.startup.VersionLoggerListener.log 명령 행 아규먼트:  -Dignore.endorsed.dirs=
31-Jul-2021 13:37:01.696 정보 [main] org.apache.catalina.startup.VersionLoggerListener.log 명령 행 아규먼트:  -Dcatalina.base=D:\git\JSP_Study_dongbina\apache-tomcat-8.5.69
31-Jul-2021 13:37:01.697 정보 [main] org.apache.catalina.startup.VersionLoggerListener.log 명령 행 아규먼트:  -Dcatalina.home=D:\git\JSP_Study_dongbina\apache-tomcat-8.5.69
31-Jul-2021 13:37:01.699 정보 [main] org.apache.catalina.startup.VersionLoggerListener.log 명령 행 아규먼트:  -Djava.io.tmpdir=D:\git\JSP_Study_dongbina\apache-tomcat-8.5.69\temp
31-Jul-2021 13:37:01.700 정보 [main] org.apache.catalina.core.AprLifecycleListener.lifecycleEvent APR 버전 [1.7.0]을(를) 사용한, APR 기반 Apache Tomcat Native 라이브러리 [1.2.30]을(를) 로드했습니다.
31-Jul-2021 13:37:01.701 정보 [main] org.apache.catalina.core.AprLifecycleListener.lifecycleEvent APR 용량정보들: IPv6 [true], sendfile [true], accept filters [false], random [true].
31-Jul-2021 13:37:01.702 정보 [main] org.apache.catalina.core.AprLifecycleListener.lifecycleEvent APR/OpenSSL 설정: useAprConnector [false], useOpenSSL [true]
31-Jul-2021 13:37:01.712 정보 [main] org.apache.catalina.core.AprLifecycleListener.initializeSSL OpenSSL이 성공적으로 초기화되었습니다: [OpenSSL 1.1.1k  25 Mar 2021]
31-Jul-2021 13:37:01.884 정보 [main] org.apache.coyote.AbstractProtocol.init 프로토콜 핸들러 ["http-nio-8000"]을(를) 초기화합니다.
31-Jul-2021 13:37:04.542 정보 [main] org.apache.tomcat.util.net.NioSelectorPool.getSharedSelector Using a shared selector for servlet write/read
31-Jul-2021 13:37:04.565 정보 [main] org.apache.catalina.startup.Catalina.load Initialization processed in 3332 ms
31-Jul-2021 13:37:04.663 정보 [main] org.apache.catalina.core.StandardService.startInternal 서비스 [Catalina]을(를) 시작합니다.
31-Jul-2021 13:37:04.666 정보 [main] org.apache.catalina.core.StandardEngine.startInternal 서버 엔진을 시작합니다: [Apache Tomcat/8.5.69]
31-Jul-2021 13:37:04.679 정보 [localhost-startStop-1] org.apache.catalina.startup.HostConfig.deployDirectory 웹 애플리케이션 디렉토리 [D:\git\JSP_Study_dongbina\apache-tomcat-8.5.69\webapps\docs]을(를) 배치합니다.
31-Jul-2021 13:37:04.967 정보 [localhost-startStop-1] org.apache.catalina.startup.HostConfig.deployDirectory 웹 애플리케이션 디렉토리 [D:\git\JSP_Study_dongbina\apache-tomcat-8.5.69\webapps\docs]에 대한 배치가 [286] 밀리초에 완료되었습니다.
31-Jul-2021 13:37:04.969 정보 [localhost-startStop-1] org.apache.catalina.startup.HostConfig.deployDirectory 웹 애플리케이션 디렉토리 [D:\git\JSP_Study_dongbina\apache-tomcat-8.5.69\webapps\examples]을(를) 배치합니다.
31-Jul-2021 13:37:05.442 정보 [localhost-startStop-1] org.apache.catalina.startup.HostConfig.deployDirectory 웹 애플리케이션 디렉토리 [D:\git\JSP_Study_dongbina\apache-tomcat-8.5.69\webapps\examples]에 대한 배치가 [473] 밀리초에 완료되었습니다.
31-Jul-2021 13:37:05.445 정보 [localhost-startStop-1] org.apache.catalina.startup.HostConfig.deployDirectory 웹 애플리케이션 디렉토리 [D:\git\JSP_Study_dongbina\apache-tomcat-8.5.69\webapps\host-manager]을(를) 배치합니다.
31-Jul-2021 13:37:05.487 정보 [localhost-startStop-1] org.apache.catalina.startup.HostConfig.deployDirectory 웹 애플리케이션 디렉토리 [D:\git\JSP_Study_dongbina\apache-tomcat-8.5.69\webapps\host-manager]에 대한 배치가 [42] 밀리초에 완료되었습니다.
31-Jul-2021 13:37:05.489 정보 [localhost-startStop-1] org.apache.catalina.startup.HostConfig.deployDirectory 웹 애플리케이션 디렉토리 [D:\git\JSP_Study_dongbina\apache-tomcat-8.5.69\webapps\manager]을(를) 배치합니다.
31-Jul-2021 13:37:05.520 정보 [localhost-startStop-1] org.apache.catalina.startup.HostConfig.deployDirectory 웹 애플리케이션 디렉토리 [D:\git\JSP_Study_dongbina\apache-tomcat-8.5.69\webapps\manager]에 대한 배치가 [31] 밀리초에 완료되었습니다.
31-Jul-2021 13:37:05.523 정보 [localhost-startStop-1] org.apache.catalina.startup.HostConfig.deployDirectory 웹 애플리케이션 디렉토리 [D:\git\JSP_Study_dongbina\apache-tomcat-8.5.69\webapps\ROOT]을(를) 배치합니다.
31-Jul-2021 13:37:05.577 정보 [localhost-startStop-1] org.apache.catalina.startup.HostConfig.deployDirectory 웹 애플리케이션 디렉토리 [D:\git\JSP_Study_dongbina\apache-tomcat-8.5.69\webapps\ROOT]에 대한 배치가 [53] 밀리초에 완료되었습니다.
31-Jul-2021 13:37:05.583 정보 [main] org.apache.coyote.AbstractProtocol.start 프로토콜 핸들러 ["http-nio-8000"]을(를) 시작합니다.
31-Jul-2021 13:37:05.595 정보 [main] org.apache.catalina.startup.Catalina.start Server startup in 1028 ms
